Using pre-set license
Built from '2020.3/release' branch; Version is '2020.3.12f1 (b3b2c6512326) revision 11776710'; Using compiler version '192528614'; Build Type 'Release'
OS: 'Windows 10 Home; OS build 19042.1237; Version 2009; 64bit' Language: 'en' Physical Memory: 16196 MB
BatchMode: 1, IsHumanControllingUs: 0, StartBugReporterOnCrash: 0, Is64bit: 1, IsPro: 0

 COMMAND LINE ARGUMENTS:
D:\Unity\2020.3.12f1\Editor\Unity.exe
-adb2
-batchMode
-noUpm
-name
AssetImportWorker0
-projectPath
D:/GitKraken/UVU_DGM1610_Fall_2021/Scripting2
-logFile
Logs/AssetImportWorker0.log
-srvPort
61900
Successfully changed project path to: D:/GitKraken/UVU_DGM1610_Fall_2021/Scripting2
D:/GitKraken/UVU_DGM1610_Fall_2021/Scripting2
Using Asset Import Pipeline V2.
Refreshing native plugins compatible for Editor in 27.22 ms, found 2 plugins.
Preloading 0 native plugins for Editor in 0.00 ms.
Initialize engine version: 2020.3.12f1 (b3b2c6512326)
[Subsystems] Discovering subsystems at path D:/Unity/2020.3.12f1/Editor/Data/Resources/UnitySubsystems
[Subsystems] Discovering subsystems at path D:/GitKraken/UVU_DGM1610_Fall_2021/Scripting2/Assets
GfxDevice: creating device client; threaded=0
Direct3D:
    Version:  Direct3D 11.0 [level 11.1]
    Renderer: NVIDIA GeForce RTX 2070 with Max-Q Design (ID=0x1f10)
    Vendor:   
    VRAM:     8031 MB
    Driver:   27.21.14.6231
Initialize mono
Mono path[0] = 'D:/Unity/2020.3.12f1/Editor/Data/Managed'
Mono path[1] = 'D:/Unity/2020.3.12f1/Editor/Data/MonoBleedingEdge/lib/mono/unityjit'
Mono config path = 'D:/Unity/2020.3.12f1/Editor/Data/MonoBleedingEdge/etc'
Using monoOptions --debugger-agent=transport=dt_socket,embedding=1,server=y,suspend=n,address=127.0.0.1:56072
Begin MonoManager ReloadAssembly
Registering precompiled unity dll's ...
Register platform support module: D:/Unity/2020.3.12f1/Editor/Data/PlaybackEngines/WindowsStandaloneSupport/UnityEditor.WindowsStandalone.Extensions.dll
Registered in 0.000992 seconds.
Native extension for WindowsStandalone target not found
Refreshing native plugins compatible for Editor in 24.13 ms, found 2 plugins.
Preloading 0 native plugins for Editor in 0.00 ms.
Mono: successfully reloaded assembly
- Completed reload, in  1.345 seconds
Platform modules already initialized, skipping
Registering precompiled user dll's ...
Registered in 0.002541 seconds.
Begin MonoManager ReloadAssembly
Native extension for WindowsStandalone target not found
Refreshing native plugins compatible for Editor in 0.26 ms, found 2 plugins.
Preloading 0 native plugins for Editor in 0.00 ms.
Mono: successfully reloaded assembly
- Completed reload, in  0.898 seconds
Platform modules already initialized, skipping
========================================================================
Worker process is ready to serve import requests
Launched and connected shader compiler UnityShaderCompiler.exe after 0.16 seconds
Refreshing native plugins compatible for Editor in 0.27 ms, found 2 plugins.
Preloading 0 native plugins for Editor in 0.00 ms.
Unloading 1386 Unused Serialized files (Serialized files now loaded: 0)
System memory in use before: 64.7 MB.
System memory in use after: 64.7 MB.

Unloading 19 unused Assets to reduce memory usage. Loaded Objects now: 1819.
Total: 1.566200 ms (FindLiveObjects: 0.132000 ms CreateObjectMapping: 0.039500 ms MarkObjects: 1.327600 ms  DeleteObjects: 0.066300 ms)

AssetImportParameters requested are different than current active one (requested -> active):
  custom:framework-win-MediaFoundation: 216162199b28c13a410421893ffa2e32 -> 
  custom:video-decoder-ogg-theora: a1e56fd34408186e4bbccfd4996cb3dc -> 
  custom:container-muxer-webm: aa71ff27fc2769a1b78a27578f13a17b -> 
  custom:container-demuxer-webm: 4f35f7cbe854078d1ac9338744f61a02 -> 
  custom:container-demuxer-ogg: 62fdf1f143b41e24485cea50d1cbac27 -> 
  custom:video-encoder-webm-vp8: eb34c28f22e8b96e1ab97ce403110664 -> 
  custom:video-codec-MediaFoundation-h265: 746d11721c4dcdbdad8f713fa42b33f4 -> 
  custom:video-decoder-webm-vp8: 9c59270c3fd7afecdb556c50c9e8de78 -> 
  custom:audio-decoder-ogg-vorbis: bf7c407c2cedff20999df2af8eb42d56 -> 
  custom:audio-encoder-webm-vorbis: bf7c407c2cedff20999df2af8eb42d56 -> 
========================================================================
Received Import Request.
  path: Assets
  artifactKey: Guid(00000000000000001000000000000000) Importer(815301076,1909f56bfc062723c751e8b465ee728b)
Start importing Assets using Guid(00000000000000001000000000000000) Importer(815301076,1909f56bfc062723c751e8b465ee728b)  -> (artifact id: '42d402b061de3733987d63b9cc3b64de') in 0.012928 seconds 
  Import took 0.040157 seconds .

========================================================================
Received Import Request.
  Time since last request: 4.731102 seconds.
  path: Assets/Variables.cs
  artifactKey: Guid(a6e542c84a81d9e4c905806de2782150) Importer(815301076,1909f56bfc062723c751e8b465ee728b)
Start importing Assets/Variables.cs using Guid(a6e542c84a81d9e4c905806de2782150) Importer(815301076,1909f56bfc062723c751e8b465ee728b)  -> (artifact id: '65bb841b2e2470e14cc3928b0e57328f') in 0.085740 seconds 
  Import took 0.118416 seconds .

========================================================================
Received Prepare
Registering precompiled user dll's ...
Registered in 0.002957 seconds.
Begin MonoManager ReloadAssembly
Native extension for WindowsStandalone target not found
Refreshing native plugins compatible for Editor in 0.29 ms, found 2 plugins.
Preloading 0 native plugins for Editor in 0.00 ms.
Mono: successfully reloaded assembly
- Completed reload, in  1.081 seconds
Platform modules already initialized, skipping
Refreshing native plugins compatible for Editor in 0.29 ms, found 2 plugins.
Preloading 0 native plugins for Editor in 0.00 ms.
Unloading 1382 Unused Serialized files (Serialized files now loaded: 0)
System memory in use before: 64.6 MB.
System memory in use after: 64.7 MB.

Unloading 14 unused Assets to reduce memory usage. Loaded Objects now: 1823.
Total: 2.036600 ms (FindLiveObjects: 0.247000 ms CreateObjectMapping: 0.062700 ms MarkObjects: 1.666100 ms  DeleteObjects: 0.059800 ms)

AssetImportParameters requested are different than current active one (requested -> active):
  custom:framework-win-MediaFoundation: 216162199b28c13a410421893ffa2e32 -> 
  custom:video-decoder-ogg-theora: a1e56fd34408186e4bbccfd4996cb3dc -> 
  custom:container-muxer-webm: aa71ff27fc2769a1b78a27578f13a17b -> 
  custom:container-demuxer-webm: 4f35f7cbe854078d1ac9338744f61a02 -> 
  custom:container-demuxer-ogg: 62fdf1f143b41e24485cea50d1cbac27 -> 
  custom:video-encoder-webm-vp8: eb34c28f22e8b96e1ab97ce403110664 -> 
  custom:video-codec-MediaFoundation-h265: 746d11721c4dcdbdad8f713fa42b33f4 -> 
  custom:video-decoder-webm-vp8: 9c59270c3fd7afecdb556c50c9e8de78 -> 
  custom:audio-decoder-ogg-vorbis: bf7c407c2cedff20999df2af8eb42d56 -> 
  custom:audio-encoder-webm-vorbis: bf7c407c2cedff20999df2af8eb42d56 -> 
========================================================================
Received Import Request.
  Time since last request: 713.766365 seconds.
  path: Assets/Variables.cs
  artifactKey: Guid(a6e542c84a81d9e4c905806de2782150) Importer(815301076,1909f56bfc062723c751e8b465ee728b)
Start importing Assets/Variables.cs using Guid(a6e542c84a81d9e4c905806de2782150) Importer(815301076,1909f56bfc062723c751e8b465ee728b)  -> (artifact id: '9d4eb69e6d312dfd7c5b9b3640d4009e') in 0.007644 seconds 
  Import took 0.010420 seconds .

========================================================================
Received Import Request.
  Time since last request: 0.003150 seconds.
  path: Assets/Variables.cs
  artifactKey: Guid(a6e542c84a81d9e4c905806de2782150) Importer(815301076,1909f56bfc062723c751e8b465ee728b)
Start importing Assets/Variables.cs using Guid(a6e542c84a81d9e4c905806de2782150) Importer(815301076,1909f56bfc062723c751e8b465ee728b)  -> (artifact id: '9d4eb69e6d312dfd7c5b9b3640d4009e') in 0.001927 seconds 
  Import took 0.063571 seconds .

========================================================================
Received Import Request.
  Time since last request: 70.891915 seconds.
  path: Assets/Variables.cs
  artifactKey: Guid(a6e542c84a81d9e4c905806de2782150) Importer(815301076,1909f56bfc062723c751e8b465ee728b)
Start importing Assets/Variables.cs using Guid(a6e542c84a81d9e4c905806de2782150) Importer(815301076,1909f56bfc062723c751e8b465ee728b)  -> (artifact id: '4e6ca6f0f36b88559371a78f84482331') in 0.007037 seconds 
  Import took 0.056377 seconds .

========================================================================
Received Import Request.
  Time since last request: 19.528858 seconds.
  path: Assets/Variables.cs
  artifactKey: Guid(a6e542c84a81d9e4c905806de2782150) Importer(815301076,1909f56bfc062723c751e8b465ee728b)
Start importing Assets/Variables.cs using Guid(a6e542c84a81d9e4c905806de2782150) Importer(815301076,1909f56bfc062723c751e8b465ee728b)  -> (artifact id: '0dd7bd0d9f3736808164fbf1a1a03e7e') in 0.001268 seconds 
  Import took 0.042186 seconds .

========================================================================
Received Prepare
Registering precompiled user dll's ...
Registered in 0.003867 seconds.
Begin MonoManager ReloadAssembly
Native extension for WindowsStandalone target not found
Refreshing native plugins compatible for Editor in 0.27 ms, found 2 plugins.
Preloading 0 native plugins for Editor in 0.00 ms.
Mono: successfully reloaded assembly
- Completed reload, in  0.842 seconds
Platform modules already initialized, skipping
Refreshing native plugins compatible for Editor in 0.25 ms, found 2 plugins.
Preloading 0 native plugins for Editor in 0.00 ms.
Unloading 1382 Unused Serialized files (Serialized files now loaded: 0)
System memory in use before: 64.6 MB.
System memory in use after: 64.7 MB.

Unloading 14 unused Assets to reduce memory usage. Loaded Objects now: 1826.
Total: 1.526100 ms (FindLiveObjects: 0.124500 ms CreateObjectMapping: 0.043900 ms MarkObjects: 1.316100 ms  DeleteObjects: 0.040900 ms)

AssetImportParameters requested are different than current active one (requested -> active):
  custom:framework-win-MediaFoundation: 216162199b28c13a410421893ffa2e32 -> 
  custom:video-decoder-ogg-theora: a1e56fd34408186e4bbccfd4996cb3dc -> 
  custom:container-muxer-webm: aa71ff27fc2769a1b78a27578f13a17b -> 
  custom:container-demuxer-webm: 4f35f7cbe854078d1ac9338744f61a02 -> 
  custom:container-demuxer-ogg: 62fdf1f143b41e24485cea50d1cbac27 -> 
  custom:video-encoder-webm-vp8: eb34c28f22e8b96e1ab97ce403110664 -> 
  custom:video-codec-MediaFoundation-h265: 746d11721c4dcdbdad8f713fa42b33f4 -> 
  custom:video-decoder-webm-vp8: 9c59270c3fd7afecdb556c50c9e8de78 -> 
  custom:audio-decoder-ogg-vorbis: bf7c407c2cedff20999df2af8eb42d56 -> 
  custom:audio-encoder-webm-vorbis: bf7c407c2cedff20999df2af8eb42d56 -> 
========================================================================
Received Import Request.
  Time since last request: 21.949496 seconds.
  path: Assets/Variables.cs
  artifactKey: Guid(a6e542c84a81d9e4c905806de2782150) Importer(815301076,1909f56bfc062723c751e8b465ee728b)
Start importing Assets/Variables.cs using Guid(a6e542c84a81d9e4c905806de2782150) Importer(815301076,1909f56bfc062723c751e8b465ee728b)  -> (artifact id: '38ccc05449b7b09d8ec53e077527e73f') in 0.002826 seconds 
  Import took 0.032462 seconds .

========================================================================
Received Prepare
Registering precompiled user dll's ...
Registered in 0.002760 seconds.
Begin MonoManager ReloadAssembly
Native extension for WindowsStandalone target not found
Refreshing native plugins compatible for Editor in 0.27 ms, found 2 plugins.
Preloading 0 native plugins for Editor in 0.00 ms.
Mono: successfully reloaded assembly
- Completed reload, in  0.846 seconds
Platform modules already initialized, skipping
Refreshing native plugins compatible for Editor in 0.25 ms, found 2 plugins.
Preloading 0 native plugins for Editor in 0.00 ms.
Unloading 1382 Unused Serialized files (Serialized files now loaded: 0)
System memory in use before: 64.7 MB.
System memory in use after: 64.7 MB.

Unloading 14 unused Assets to reduce memory usage. Loaded Objects now: 1829.
Total: 1.684700 ms (FindLiveObjects: 0.119900 ms CreateObjectMapping: 0.044400 ms MarkObjects: 1.475300 ms  DeleteObjects: 0.044500 ms)

AssetImportParameters requested are different than current active one (requested -> active):
  custom:framework-win-MediaFoundation: 216162199b28c13a410421893ffa2e32 -> 
  custom:video-decoder-ogg-theora: a1e56fd34408186e4bbccfd4996cb3dc -> 
  custom:container-muxer-webm: aa71ff27fc2769a1b78a27578f13a17b -> 
  custom:container-demuxer-webm: 4f35f7cbe854078d1ac9338744f61a02 -> 
  custom:container-demuxer-ogg: 62fdf1f143b41e24485cea50d1cbac27 -> 
  custom:video-encoder-webm-vp8: eb34c28f22e8b96e1ab97ce403110664 -> 
  custom:video-codec-MediaFoundation-h265: 746d11721c4dcdbdad8f713fa42b33f4 -> 
  custom:video-decoder-webm-vp8: 9c59270c3fd7afecdb556c50c9e8de78 -> 
  custom:audio-decoder-ogg-vorbis: bf7c407c2cedff20999df2af8eb42d56 -> 
  custom:audio-encoder-webm-vorbis: bf7c407c2cedff20999df2af8eb42d56 -> 
========================================================================
Received Import Request.
  Time since last request: 103.362824 seconds.
  path: Assets/Variables.cs
  artifactKey: Guid(a6e542c84a81d9e4c905806de2782150) Importer(815301076,1909f56bfc062723c751e8b465ee728b)
Start importing Assets/Variables.cs using Guid(a6e542c84a81d9e4c905806de2782150) Importer(815301076,1909f56bfc062723c751e8b465ee728b)  -> (artifact id: 'cfdb04880733323b3ebc7b5a59ec6bd8') in 0.005645 seconds 
  Import took 0.069347 seconds .

========================================================================
Received Prepare
Registering precompiled user dll's ...
Registered in 0.002534 seconds.
Begin MonoManager ReloadAssembly
Native extension for WindowsStandalone target not found
Refreshing native plugins compatible for Editor in 0.27 ms, found 2 plugins.
Preloading 0 native plugins for Editor in 0.00 ms.
Mono: successfully reloaded assembly
- Completed reload, in  0.838 seconds
Platform modules already initialized, skipping
Refreshing native plugins compatible for Editor in 0.25 ms, found 2 plugins.
Preloading 0 native plugins for Editor in 0.00 ms.
Unloading 1382 Unused Serialized files (Serialized files now loaded: 0)
System memory in use before: 64.7 MB.
System memory in use after: 64.7 MB.

Unloading 14 unused Assets to reduce memory usage. Loaded Objects now: 1832.
Total: 1.695100 ms (FindLiveObjects: 0.121700 ms CreateObjectMapping: 0.043500 ms MarkObjects: 1.482800 ms  DeleteObjects: 0.046100 ms)

AssetImportParameters requested are different than current active one (requested -> active):
  custom:framework-win-MediaFoundation: 216162199b28c13a410421893ffa2e32 -> 
  custom:video-decoder-ogg-theora: a1e56fd34408186e4bbccfd4996cb3dc -> 
  custom:container-muxer-webm: aa71ff27fc2769a1b78a27578f13a17b -> 
  custom:container-demuxer-webm: 4f35f7cbe854078d1ac9338744f61a02 -> 
  custom:container-demuxer-ogg: 62fdf1f143b41e24485cea50d1cbac27 -> 
  custom:video-encoder-webm-vp8: eb34c28f22e8b96e1ab97ce403110664 -> 
  custom:video-codec-MediaFoundation-h265: 746d11721c4dcdbdad8f713fa42b33f4 -> 
  custom:video-decoder-webm-vp8: 9c59270c3fd7afecdb556c50c9e8de78 -> 
  custom:audio-decoder-ogg-vorbis: bf7c407c2cedff20999df2af8eb42d56 -> 
  custom:audio-encoder-webm-vorbis: bf7c407c2cedff20999df2af8eb42d56 -> 
========================================================================
Received Import Request.
  Time since last request: 75.491751 seconds.
  path: Assets/Variables.cs
  artifactKey: Guid(a6e542c84a81d9e4c905806de2782150) Importer(815301076,1909f56bfc062723c751e8b465ee728b)
Start importing Assets/Variables.cs using Guid(a6e542c84a81d9e4c905806de2782150) Importer(815301076,1909f56bfc062723c751e8b465ee728b)  -> (artifact id: '58faed2c302de44e6aa1f7aed302d5d0') in 0.005605 seconds 
  Import took 0.034396 seconds .

========================================================================
Received Import Request.
  Time since last request: 21.024284 seconds.
  path: Assets/Operators.cs
  artifactKey: Guid(58957e99308f95046bcbb0d3b054f9d9) Importer(815301076,1909f56bfc062723c751e8b465ee728b)
Start importing Assets/Operators.cs using Guid(58957e99308f95046bcbb0d3b054f9d9) Importer(815301076,1909f56bfc062723c751e8b465ee728b)  -> (artifact id: 'e993e61a8f544653a6673202949d1215') in 0.013243 seconds 
  Import took 0.067252 seconds .

========================================================================
Received Prepare
Registering precompiled user dll's ...
Registered in 0.002661 seconds.
Begin MonoManager ReloadAssembly
Native extension for WindowsStandalone target not found
Refreshing native plugins compatible for Editor in 0.29 ms, found 2 plugins.
Preloading 0 native plugins for Editor in 0.00 ms.
Mono: successfully reloaded assembly
- Completed reload, in  0.946 seconds
Platform modules already initialized, skipping
Refreshing native plugins compatible for Editor in 0.28 ms, found 2 plugins.
Preloading 0 native plugins for Editor in 0.00 ms.
Unloading 1383 Unused Serialized files (Serialized files now loaded: 0)
System memory in use before: 64.7 MB.
System memory in use after: 64.8 MB.

Unloading 14 unused Assets to reduce memory usage. Loaded Objects now: 1836.
Total: 1.744500 ms (FindLiveObjects: 0.146400 ms CreateObjectMapping: 0.040900 ms MarkObjects: 1.508000 ms  DeleteObjects: 0.048300 ms)

AssetImportParameters requested are different than current active one (requested -> active):
  custom:framework-win-MediaFoundation: 216162199b28c13a410421893ffa2e32 -> 
  custom:video-decoder-ogg-theora: a1e56fd34408186e4bbccfd4996cb3dc -> 
  custom:container-muxer-webm: aa71ff27fc2769a1b78a27578f13a17b -> 
  custom:container-demuxer-webm: 4f35f7cbe854078d1ac9338744f61a02 -> 
  custom:container-demuxer-ogg: 62fdf1f143b41e24485cea50d1cbac27 -> 
  custom:video-encoder-webm-vp8: eb34c28f22e8b96e1ab97ce403110664 -> 
  custom:video-codec-MediaFoundation-h265: 746d11721c4dcdbdad8f713fa42b33f4 -> 
  custom:video-decoder-webm-vp8: 9c59270c3fd7afecdb556c50c9e8de78 -> 
  custom:audio-decoder-ogg-vorbis: bf7c407c2cedff20999df2af8eb42d56 -> 
  custom:audio-encoder-webm-vorbis: bf7c407c2cedff20999df2af8eb42d56 -> 
========================================================================
Received Import Request.
  Time since last request: 1138.048094 seconds.
  path: Assets/Operators.cs
  artifactKey: Guid(58957e99308f95046bcbb0d3b054f9d9) Importer(815301076,1909f56bfc062723c751e8b465ee728b)
Start importing Assets/Operators.cs using Guid(58957e99308f95046bcbb0d3b054f9d9) Importer(815301076,1909f56bfc062723c751e8b465ee728b)  -> (artifact id: '56835ab2e8993b314682a565cca9aea0') in 0.007441 seconds 
  Import took 0.066465 seconds .

========================================================================
Received Import Request.
  Time since last request: 30.202611 seconds.
  path: Assets/Operators.cs
  artifactKey: Guid(58957e99308f95046bcbb0d3b054f9d9) Importer(815301076,1909f56bfc062723c751e8b465ee728b)
Start importing Assets/Operators.cs using Guid(58957e99308f95046bcbb0d3b054f9d9) Importer(815301076,1909f56bfc062723c751e8b465ee728b)  -> (artifact id: '99de320f66f7f5be5e1f34b0297a01a5') in 0.010379 seconds 
  Import took 0.074230 seconds .

========================================================================
Received Import Request.
  Time since last request: 17.470481 seconds.
  path: Assets/Operators.cs
  artifactKey: Guid(58957e99308f95046bcbb0d3b054f9d9) Importer(815301076,1909f56bfc062723c751e8b465ee728b)
Start importing Assets/Operators.cs using Guid(58957e99308f95046bcbb0d3b054f9d9) Importer(815301076,1909f56bfc062723c751e8b465ee728b)  -> (artifact id: '6c2a5c10dbdd1c957841139413f74048') in 0.001509 seconds 
  Import took 0.090819 seconds .

========================================================================
Received Import Request.
  Time since last request: 72.122537 seconds.
  path: Assets/Operators.cs
  artifactKey: Guid(58957e99308f95046bcbb0d3b054f9d9) Importer(815301076,1909f56bfc062723c751e8b465ee728b)
Start importing Assets/Operators.cs using Guid(58957e99308f95046bcbb0d3b054f9d9) Importer(815301076,1909f56bfc062723c751e8b465ee728b)  -> (artifact id: '691b508719756a3efb13be7e2b8d96ed') in 0.006381 seconds 
  Import took 0.046292 seconds .

========================================================================
Received Prepare
Registering precompiled user dll's ...
Registered in 0.002870 seconds.
Begin MonoManager ReloadAssembly
Native extension for WindowsStandalone target not found
Refreshing native plugins compatible for Editor in 0.27 ms, found 2 plugins.
Preloading 0 native plugins for Editor in 0.00 ms.
Mono: successfully reloaded assembly
- Completed reload, in  0.826 seconds
Platform modules already initialized, skipping
Refreshing native plugins compatible for Editor in 0.25 ms, found 2 plugins.
Preloading 0 native plugins for Editor in 0.00 ms.
Unloading 1383 Unused Serialized files (Serialized files now loaded: 0)
System memory in use before: 64.7 MB.
System memory in use after: 64.8 MB.

Unloading 14 unused Assets to reduce memory usage. Loaded Objects now: 1839.
Total: 1.564500 ms (FindLiveObjects: 0.130100 ms CreateObjectMapping: 0.040400 ms MarkObjects: 1.347700 ms  DeleteObjects: 0.045600 ms)

AssetImportParameters requested are different than current active one (requested -> active):
  custom:framework-win-MediaFoundation: 216162199b28c13a410421893ffa2e32 -> 
  custom:video-decoder-ogg-theora: a1e56fd34408186e4bbccfd4996cb3dc -> 
  custom:container-muxer-webm: aa71ff27fc2769a1b78a27578f13a17b -> 
  custom:container-demuxer-webm: 4f35f7cbe854078d1ac9338744f61a02 -> 
  custom:container-demuxer-ogg: 62fdf1f143b41e24485cea50d1cbac27 -> 
  custom:video-encoder-webm-vp8: eb34c28f22e8b96e1ab97ce403110664 -> 
  custom:video-codec-MediaFoundation-h265: 746d11721c4dcdbdad8f713fa42b33f4 -> 
  custom:video-decoder-webm-vp8: 9c59270c3fd7afecdb556c50c9e8de78 -> 
  custom:audio-decoder-ogg-vorbis: bf7c407c2cedff20999df2af8eb42d56 -> 
  custom:audio-encoder-webm-vorbis: bf7c407c2cedff20999df2af8eb42d56 -> 
========================================================================
Received Import Request.
  Time since last request: 36.421952 seconds.
  path: Assets/Operators.cs
  artifactKey: Guid(58957e99308f95046bcbb0d3b054f9d9) Importer(815301076,1909f56bfc062723c751e8b465ee728b)
Start importing Assets/Operators.cs using Guid(58957e99308f95046bcbb0d3b054f9d9) Importer(815301076,1909f56bfc062723c751e8b465ee728b)  -> (artifact id: 'd610610146c663e79f078ab6c67f2d26') in 0.005573 seconds 
  Import took 0.039207 seconds .

AssetImportWorkerClient::OnTransportError - code=2 error=End of file
